[11/02/2015 09:09] /ghost
[11/02/2015 09:09] /ghost
[11/02/2015 09:09] /a 5
[11/02/2015 09:09] /a 5
[11/02/2015 09:10] /t
[11/02/2015 09:10] /town rhyves
[11/02/2015 09:12] /save
[11/02/2015 09:17] /save
[13/02/2015 08:42] /addskill Skazw,level,18
[13/02/2015 08:42] /addskill Skazw,level,18
[13/02/2015 08:42] /addskill Skazw,level,18
[13/02/2015 08:42] /addskill Skazw,level,18
[13/02/2015 08:42] /addskill Skazw,level,18
[13/02/2015 08:42] /addskill Skazw,level,18
[13/02/2015 08:42] /addskill Skazw,level,18
[13/02/2015 08:44] /c wazy
[13/02/2015 08:44] /addskill wazy,level
[13/02/2015 08:44] /addskill wazy,level
[13/02/2015 08:44] /addskill wazy,level
[13/02/2015 08:44] /addskill wazy,level
[13/02/2015 08:44] /addskill wazy,level
[13/02/2015 08:44] /addskill wazy,level
[13/02/2015 08:44] /addskill wazy,level
[13/02/2015 08:44] /addskill wazy,level
[13/02/2015 08:44] /addskill wazy,level
[13/02/2015 08:46] /save
[13/02/2015 08:46] /save
[13/02/2015 08:49] /ghost
[13/02/2015 08:49] /ghost
[13/02/2015 08:49] /ghost
[13/02/2015 08:49] /ghost
[13/02/2015 08:49] /ghost
[13/02/2015 08:49] /ghost
[15/02/2015 23:11] /i desintegrate rune
[15/02/2015 23:11] /i 2310
[15/02/2015 23:11] /i 2310
[15/02/2015 23:11] /i zaoan boots
[15/02/2015 23:13] /i draken boots
[15/02/2015 23:13] /i 12646
[15/02/2015 23:13] /save
[15/02/2015 23:17] /town trekolt
[17/02/2015 04:57] /reload creaturescripts
[17/02/2015 04:58] /ghost
[17/02/2015 04:58] /save
[17/02/2015 11:47] /save
[19/02/2015 11:08] /n magic_sword
[19/02/2015 11:08] /save
[19/02/2015 11:10] /save
[19/02/2015 11:10] /s Riona
[19/02/2015 11:10] /s Demon
[19/02/2015 11:10] /m Demon
[19/02/2015 11:10] /addskill Skazw,level,5
[19/02/2015 11:14] /serverdiag
[19/02/2015 12:13] /save
[23/02/2015 22:45] /ghost
[23/02/2015 22:45] /ghost
